<?xml version="1.0" encoding="UTF-8"?>
<testsuite name="LojaTest" tests="1" skipped="0" failures="0" errors="0" timestamp="2022-01-04T22:25:06" hostname="ESQUILO" time="0.036">
  <properties/>
  <testcase name="alteraPreco()" classname="LojaTest" time="0.036"/>
  <system-out><![CDATA[]]></system-out>
  <system-err><![CDATA[]]></system-err>
</testsuite>
